timestamp: 2014-01-27T10:40:41.665415
CREATE TABLE "auth_roles"(
    "id" INTEGER PRIMARY KEY AUTOINCREMENT,
    "role_name" CHAR(128),
    "role_min_score" INTEGER,
    "color_designation" TEXT
);
success!
timestamp: 2014-01-27T10:40:41.792388
CREATE TABLE "auth_users"(
    "id" INTEGER PRIMARY KEY AUTOINCREMENT,
    "auth_alias" CHAR(255),
    "auth_passwd" CHAR(255),
    "auth_created_on" TIMESTAMP,
    "auth_modified_on" TIMESTAMP,
    "is_enabled" CHAR(1),
    "auth_role_id" INTEGER REFERENCES "auth_roles" ("id") ON DELETE CASCADE
);
success!
timestamp: 2014-01-27T10:40:41.866830
CREATE TABLE "system_properties"(
    "id" INTEGER PRIMARY KEY AUTOINCREMENT,
    "property_name" CHAR(128),
    "property_desc" TEXT,
    "property_value" TEXT
);
success!
timestamp: 2014-01-27T10:40:41.965796
CREATE TABLE "member_properties_skel"(
    "id" INTEGER PRIMARY KEY AUTOINCREMENT,
    "property_name" CHAR(128),
    "property_desc" TEXT,
    "member_editable" CHAR(1),
    "sort_order" INTEGER
);
success!
timestamp: 2014-01-27T10:40:42.066141
CREATE TABLE "member_properties"(
    "id" INTEGER PRIMARY KEY AUTOINCREMENT,
    "auth_user" INTEGER REFERENCES "auth_users" ("id") ON DELETE CASCADE,
    "property_id" INTEGER REFERENCES "member_properties_skel" ("id") ON DELETE CASCADE,
    "property_value" CHAR(255)
);
success!
timestamp: 2014-01-27T10:40:42.276279
CREATE TABLE "member_avatars"(
    "id" INTEGER PRIMARY KEY AUTOINCREMENT,
    "content_type" CHAR(128),
    "auth_user_id" INTEGER,
    "avatar_image" BLOB,
    "avatar_active" CHAR(1)
);
success!
timestamp: 2014-01-27T10:40:42.352480
CREATE TABLE "questions"(
    "id" INTEGER PRIMARY KEY AUTOINCREMENT,
    "title" CHAR(255),
    "description" TEXT,
    "created_by" INTEGER REFERENCES "auth_users" ("id") ON DELETE CASCADE,
    "created_on" TIMESTAMP,
    "modified_by" INTEGER REFERENCES "auth_users" ("id") ON DELETE CASCADE,
    "modified_on" TIMESTAMP,
    "votes_up" INTEGER,
    "votes_dn" INTEGER,
    "is_answered" CHAR(1),
    "is_closed" CHAR(1),
    "is_featured" CHAR(1),
    "is_visible" CHAR(1),
    "views" INTEGER
);
success!
timestamp: 2014-01-27T10:40:42.425916
CREATE TABLE "answers"(
    "id" INTEGER PRIMARY KEY AUTOINCREMENT,
    "question_id" INTEGER REFERENCES "questions" ("id") ON DELETE CASCADE,
    "description" TEXT,
    "votes_up" INTEGER,
    "votes_dn" INTEGER,
    "created_by" INTEGER REFERENCES "auth_users" ("id") ON DELETE CASCADE,
    "created_on" TIMESTAMP,
    "modified_by" INTEGER REFERENCES "auth_users" ("id") ON DELETE CASCADE,
    "modified_on" TIMESTAMP,
    "is_answer" CHAR(1),
    "is_visible" CHAR(1),
    "is_outstanding" CHAR(1)
);
success!
timestamp: 2014-01-27T10:40:42.867401
CREATE TABLE "comments"(
    "id" INTEGER PRIMARY KEY AUTOINCREMENT,
    "c_type" TEXT,
    "qa_id" INTEGER,
    "description" TEXT,
    "votes_up" INTEGER,
    "votes_dn" INTEGER,
    "created_by" INTEGER REFERENCES "auth_users" ("id") ON DELETE CASCADE,
    "created_on" TIMESTAMP,
    "modified_by" INTEGER REFERENCES "auth_users" ("id") ON DELETE CASCADE,
    "modified_on" TIMESTAMP,
    "is_visible" CHAR(1)
);
success!
timestamp: 2014-01-27T10:40:42.965981
CREATE TABLE "score_log"(
    "id" INTEGER PRIMARY KEY AUTOINCREMENT,
    "l_type" CHAR(512),
    "subtype" CHAR(512),
    "qac_id" INTEGER,
    "points" INTEGER,
    "sender" INTEGER REFERENCES "auth_users" ("id") ON DELETE CASCADE,
    "created_on" TIMESTAMP
);
success!
timestamp: 2014-01-27T10:40:43.041312
CREATE TABLE "tags"(
    "id" INTEGER PRIMARY KEY AUTOINCREMENT,
    "tagname" CHAR(255),
    "is_enabled" CHAR(1)
);
success!
timestamp: 2014-01-27T10:40:43.140580
CREATE TABLE "question_tags"(
    "id" INTEGER PRIMARY KEY AUTOINCREMENT,
    "question_id" INTEGER REFERENCES "questions" ("id") ON DELETE CASCADE,
    "tag_id" INTEGER REFERENCES "tags" ("id") ON DELETE CASCADE
);
success!
timestamp: 2014-01-27T10:40:43.215920
CREATE TABLE "question_subscriptions"(
    "id" INTEGER PRIMARY KEY AUTOINCREMENT,
    "auth_user_id" INTEGER REFERENCES "auth_users" ("id") ON DELETE CASCADE,
    "question_id" INTEGER REFERENCES "questions" ("id") ON DELETE CASCADE,
    "is_active" CHAR(1)
);
success!
timestamp: 2014-01-27T10:40:43.314732
CREATE TABLE "subscriptions_notification"(
    "id" INTEGER PRIMARY KEY AUTOINCREMENT,
    "subscription_id" INTEGER REFERENCES "question_subscriptions" ("id") ON DELETE CASCADE,
    "created_on" TIMESTAMP,
    "processed_on" TIMESTAMP
);
success!
timestamp: 2014-01-27T10:40:43.390170
CREATE TABLE "admin_messages"(
    "id" INTEGER PRIMARY KEY AUTOINCREMENT,
    "auth_user_id" INTEGER REFERENCES "auth_users" ("id") ON DELETE CASCADE,
    "subject" CHAR(255),
    "message" TEXT,
    "creation_date" TIMESTAMP,
    "read_flag" CHAR(1)
);
success!
