[2014-12-11 17:08:46] START
[2016-10-06 22:50:27] EDIT belot/views/game/info.html: -2
[2016-10-06 22:51:53] EDIT belot/views/game/info.html: -2
[2016-10-06 22:57:49] EDIT belot/views/game/info.html: 0
[2016-10-06 22:58:17] EDIT belot/views/game/info.html: 0
[2016-10-06 22:59:40] EDIT belot/modules/game.py: 0
[2016-10-06 23:00:20] EDIT belot/views/game/info.html: 0
[2016-10-06 23:01:41] EDIT belot/views/game/info.html: 1
[2016-10-06 23:02:00] EDIT belot/views/game/info.html: 0
[2016-10-06 23:02:37] EDIT belot/views/game/info.html: 0
[2016-10-06 23:04:37] EDIT belot/modules/game.py: -2
[2016-10-06 23:05:03] EDIT belot/modules/game.py: -2
[2016-10-06 23:06:10] EDIT belot/views/game/info.html: 0
[2016-10-06 23:07:50] EDIT belot/modules/game.py: -6
[2016-10-06 23:09:25] EDIT belot/views/game/info.html: 1
[2016-10-06 23:11:07] EDIT belot/modules/game.py: -10
[2016-10-06 23:11:35] EDIT belot/views/game/info.html: 2
[2016-10-06 23:14:38] EDIT belot/modules/game.py: 0
[2016-10-06 23:15:22] EDIT belot/views/game/info.html: 1
[2016-10-06 23:17:13] EDIT belot/modules/game.py: 0
[2016-10-06 23:17:29] EDIT belot/modules/game.py: 0
[2016-10-06 23:20:05] EDIT belot/modules/game.py: 0
[2016-10-06 23:21:25] EDIT belot/modules/game.py: 3
[2016-10-06 23:21:42] EDIT belot/modules/game.py: 0
[2016-10-06 23:21:50] EDIT belot/modules/game.py: -1
[2016-10-06 23:21:54] EDIT belot/modules/game.py: 0
[2016-10-06 23:22:41] EDIT belot/modules/game.py: 0
[2016-10-06 23:23:28] EDIT belot/views/game/info.html: 3
[2016-10-06 23:23:51] EDIT belot/views/game/info.html: 6
[2016-10-06 23:24:56] EDIT belot/views/game/info.html: 3
[2016-10-06 23:26:07] EDIT belot/modules/game.py: 0
[2016-10-06 23:26:23] EDIT belot/views/game/info.html: 0
[2016-10-06 23:26:29] EDIT belot/modules/game.py: 0
[2016-10-06 23:27:25] EDIT belot/modules/game.py: 0
[2016-10-06 23:29:00] EDIT belot/views/game/info.html: 0
[2016-10-06 23:30:52] EDIT belot/modules/game.py: 2
[2016-10-06 23:31:10] EDIT belot/modules/game.py: 0
[2016-10-06 23:32:11] EDIT belot/views/game/info.html: 4
[2016-10-06 23:33:37] EDIT belot/views/game/info.html: -23
[2016-10-06 23:34:49] EDIT belot/views/game/info.html: 2
[2016-10-06 23:35:25] EDIT belot/modules/game.py: -3
[2016-10-06 23:36:08] EDIT belot/views/game/info.html: 0
[2016-10-06 23:36:11] EDIT belot/modules/game.py: 0
[2016-10-06 23:37:17] EDIT belot/modules/deck.py: 0
[2016-10-06 23:37:34] EDIT belot/modules/deck.py: 0
[2016-10-06 23:38:23] EDIT belot/modules/game.py: 0
[2016-10-06 23:42:23] EDIT belot/modules/deck.py: -1
[2016-10-06 23:46:43] EDIT belot/modules/game.py: 10
[2016-10-06 23:47:20] EDIT belot/views/game/info.html: 0
[2016-10-06 23:47:56] EDIT belot/views/game/info.html: -2
[2016-10-06 23:49:12] EDIT belot/modules/game.py: 0
[2016-10-06 23:50:17] EDIT belot/views/game/info.html: 0
[2016-10-06 23:51:24] EDIT belot/modules/deck.py: -1
[2016-10-06 23:52:24] EDIT belot/modules/deck.py: 1
[2016-10-06 23:55:20] EDIT belot/modules/game.py: -1
[2016-10-06 23:57:17] EDIT belot/modules/deck.py: 0
[2016-10-06 23:59:49] EDIT belot/modules/deck.py: -2
[2016-10-07 00:01:03] EDIT belot/views/game/info.html: -1
[2016-10-07 00:02:16] EDIT belot/modules/game.py: -3
[2016-10-07 00:10:38] EDIT belot/modules/deck.py: 2
[2016-10-07 00:11:45] EDIT belot/modules/game.py: -1
[2016-10-07 00:12:07] EDIT belot/modules/game.py: -1
[2016-10-07 00:19:04] EDIT belot/modules/game.py: 3
[2016-10-07 00:19:21] EDIT belot/modules/game.py: 1
[2016-10-07 00:22:26] EDIT belot/modules/game.py: 1
[2016-10-07 00:23:03] EDIT belot/modules/game.py: 0
[2016-10-07 00:23:48] EDIT belot/modules/game.py: 0
[2016-10-07 00:24:23] EDIT belot/modules/game.py: 0
[2016-10-07 00:32:50] EDIT belot/modules/game.py: 0
[2016-10-07 00:34:42] EDIT belot/modules/game.py: -1
[2016-10-07 00:36:20] EDIT belot/views/game/info.html: -1
[2016-10-07 00:36:28] EDIT belot/views/game/info.html: 0
[2016-10-07 00:38:51] EDIT belot/modules/game.py: -2
[2016-10-07 00:39:27] EDIT belot/modules/game.py: 0
[2016-10-07 00:40:32] EDIT belot/modules/game.py: 1
[2016-10-07 00:41:51] EDIT belot/modules/game.py: -3
[2016-10-07 00:44:38] EDIT belot/views/game/info.html: 0
[2016-10-07 00:45:07] EDIT belot/views/game/info.html: 1
[2016-10-07 00:46:39] EDIT belot/views/game/info.html: 6
[2016-10-07 00:47:51] EDIT belot/views/game/info.html: 1
[2016-10-08 22:43:06] CREATE css/belt.css: 0
[2016-10-08 22:43:10] EDIT belot/static/css/belt.css: 73
[2016-10-08 22:44:49] CREATE js/belot.js: 0
[2016-10-08 22:44:54] EDIT belot/static/js/belot.js: 218
[2016-10-08 22:46:12] EDIT belot/views/game/info.html: 286
[2016-10-08 22:47:40] EDIT belot/views/game/info.html: 1
[2016-10-08 22:47:52] EDIT belot/views/game/info.html: -4
[2016-10-08 22:47:58] EDIT belot/views/game/info.html: -1
[2016-10-08 22:48:42] EDIT belot/views/game/info.html: 1
[2016-10-08 22:48:55] EDIT belot/views/game/info.html: -2
[2016-10-08 22:51:55] EDIT belot/views/game/info.html: 0
[2016-10-08 22:53:25] CREATE js/jq.js: 0
[2016-10-08 22:53:34] EDIT belot/static/js/jq.js: 4
[2016-10-08 22:53:42] EDIT belot/static/js/jq.js: 0
[2016-10-08 22:55:04] EDIT belot/views/game/info.html: 1
[2016-10-08 23:08:01] EDIT belot/views/game/info.html: 3
[2016-10-08 23:08:10] EDIT belot/views/game/info.html: -1
[2016-10-08 23:17:15] EDIT belot/modules/game.py: 0
[2016-10-08 23:17:23] EDIT belot/modules/game.py: 0
[2016-10-08 23:19:32] EDIT belot/modules/game.py: 2
[2016-10-08 23:19:37] EDIT belot/modules/game.py: 0
[2016-10-08 23:19:41] EDIT belot/modules/game.py: 0
[2016-10-08 23:19:44] EDIT belot/modules/game.py: 0
[2016-10-08 23:19:45] EDIT belot/modules/game.py: 0
[2016-10-08 23:19:45] EDIT belot/modules/game.py: 0
[2016-10-08 23:19:55] EDIT belot/modules/game.py: 0
[2016-10-08 23:19:59] EDIT belot/modules/game.py: 0
[2016-10-08 23:20:08] EDIT belot/modules/game.py: -1
[2016-10-08 23:20:42] EDIT belot/modules/game.py: 1
[2016-10-08 23:20:56] EDIT belot/modules/game.py: 0
[2016-10-08 23:21:17] EDIT belot/modules/game.py: 0
[2016-10-08 23:21:53] EDIT belot/modules/game.py: -1
[2016-10-08 23:22:39] EDIT belot/modules/game.py: 1
[2016-10-08 23:22:57] EDIT belot/modules/game.py: 0
[2016-10-08 23:23:20] EDIT belot/modules/game.py: 0
[2016-10-08 23:23:49] EDIT belot/modules/game.py: -1
[2016-10-08 23:24:33] EDIT belot/modules/game.py: 0
[2016-10-08 23:25:09] EDIT belot/modules/game.py: 1
[2016-10-08 23:25:20] EDIT belot/modules/game.py: 0
[2016-10-08 23:25:56] EDIT belot/modules/game.py: 0
[2016-10-08 23:26:12] EDIT belot/modules/game.py: 0
[2016-10-08 23:26:30] EDIT belot/modules/game.py: 0
[2016-10-08 23:27:05] EDIT belot/modules/game.py: 0
[2016-10-08 23:27:11] EDIT belot/modules/game.py: -1
[2016-10-08 23:27:32] EDIT belot/modules/game.py: 0
[2016-10-08 23:48:47] EDIT belot/models/db.py: 0
[2016-10-08 23:48:50] EDIT belot/models/db.py: 0
[2016-10-08 23:55:22] EDIT belot/models/db.py: 4
[2016-10-08 23:55:36] EDIT belot/models/db.py: 0
[2016-10-08 23:55:44] EDIT belot/models/db.py: 0
[2016-10-08 23:55:52] EDIT belot/models/db.py: 0
[2016-10-09 00:21:59] EDIT belot/models/db.py: 0
[2016-10-09 00:22:07] EDIT belot/models/db.py: 0
[2016-10-09 00:22:27] EDIT belot/models/db.py: 0
[2016-10-09 00:46:25] EDIT belot/models/db.py: 4
[2016-10-09 00:47:03] EDIT belot/controllers/game.py: 0
[2016-10-09 00:47:45] EDIT belot/controllers/game.py: 0
[2016-10-09 00:47:46] EDIT belot/controllers/game.py: 0
[2016-10-09 00:52:15] EDIT belot/models/db.py: 0
[2016-10-09 00:52:40] EDIT belot/models/db.py: 0
[2016-10-09 00:53:09] EDIT belot/models/db.py: 4
[2016-10-09 00:53:22] EDIT belot/models/db.py: 0
[2016-10-09 00:59:16] EDIT belot/models/db.py: 20
[2016-10-09 00:59:56] EDIT belot/models/db.py: 0
[2016-10-09 01:00:11] EDIT belot/models/db.py: 0
[2016-10-09 01:00:52] EDIT belot/models/db.py: 4
[2016-10-09 01:02:05] EDIT belot/models/db.py: 8
[2016-10-09 01:02:22] EDIT belot/models/db.py: 4
[2016-10-09 01:18:36] EDIT belot/models/db.py: 0
[2016-10-09 01:19:45] EDIT belot/models/db.py: 4
[2016-10-09 01:20:01] EDIT belot/models/db.py: 0
[2016-10-09 01:20:42] EDIT belot/models/db.py: 0
[2016-10-09 01:22:22] EDIT belot/models/db.py: 0
[2016-10-09 01:22:36] EDIT belot/models/db.py: 0
[2016-10-09 01:24:28] EDIT belot/models/db.py: 1
[2016-10-09 01:25:06] EDIT belot/models/db.py: 2
[2016-10-09 01:25:11] EDIT belot/models/db.py: 0
[2016-10-09 01:26:12] EDIT belot/models/db.py: 1
[2016-10-09 01:28:08] EDIT belot/models/db.py: 0
[2016-10-09 01:37:04] EDIT belot/models/db.py: 10
[2016-10-09 01:37:52] EDIT belot/models/db.py: 0
[2016-10-09 01:38:05] EDIT belot/models/db.py: 2
[2016-10-09 01:39:21] EDIT belot/models/db.py: 4
[2016-10-09 01:40:01] EDIT belot/models/db.py: 0
[2016-10-09 01:40:51] EDIT belot/models/db.py: 11
[2016-10-09 01:41:11] EDIT belot/models/db.py: 0
[2016-10-09 01:41:25] EDIT belot/models/db.py: 0
[2016-10-09 01:41:40] EDIT belot/models/db.py: 0
[2016-10-09 01:41:42] EDIT belot/models/db.py: 0
[2016-10-09 01:42:13] CREATE belot.py: 0
[2016-10-09 01:42:50] EDIT belot/models/belot.py: 0
[2016-10-09 01:42:53] EDIT belot/models/belot.py: 0
[2016-10-09 01:43:06] EDIT belot/models/belot.py: 0
[2016-10-09 01:43:06] EDIT belot/models/belot.py: 0
[2016-10-09 01:43:19] EDIT belot/models/db.py: 0
[2016-10-09 01:43:37] EDIT belot/models/belot.py: 0
[2016-10-09 01:43:41] EDIT belot/models/db.py: 0
[2016-10-09 01:45:34] EDIT belot/models/db.py: 0
[2016-10-09 01:47:04] EDIT belot/models/db.py: 7
[2016-10-09 01:48:15] EDIT belot/models/belot.py: 111
[2016-10-09 01:49:11] EDIT belot/models/db.py: 0
[2016-10-09 01:50:14] EDIT belot/models/db.py: 0
[2016-10-09 01:50:21] EDIT belot/models/db.py: 0
[2016-10-09 01:52:12] EDIT belot/models/db.py: 1
[2016-10-09 01:53:14] EDIT belot/models/db.py: 0
[2016-10-09 01:53:51] EDIT belot/models/db.py: 0
[2016-10-09 01:53:57] EDIT belot/models/db.py: -1
[2016-10-09 01:54:29] EDIT belot/models/db.py: 4
[2016-10-09 01:54:44] EDIT belot/models/db.py: 0
[2016-10-09 01:54:50] EDIT belot/models/db.py: 0
[2016-10-09 01:55:21] EDIT belot/models/db.py: 0
[2016-10-09 01:55:42] EDIT belot/models/db.py: 0
[2016-10-09 01:57:08] EDIT belot/models/db.py: 0
[2016-10-09 01:57:57] EDIT belot/models/db.py: 0
[2016-10-09 01:58:37] EDIT belot/models/db.py: 0
[2016-10-09 01:59:25] EDIT belot/models/db.py: 0
[2016-10-09 01:59:33] EDIT belot/models/db.py: 0
[2016-10-09 02:07:08] EDIT belot/models/db.py: 0
[2016-10-09 02:08:01] EDIT belot/models/db.py: 1
[2016-10-09 02:10:54] EDIT belot/models/db.py: 1
[2016-10-09 02:12:17] EDIT belot/models/db.py: 1
[2016-10-09 02:12:35] EDIT belot/models/db.py: 0
[2016-10-09 02:15:24] EDIT belot/models/db.py: -1
[2016-10-09 02:18:55] EDIT belot/models/db.py: 0
[2016-10-09 02:19:08] EDIT belot/models/db.py: 0
[2016-10-09 02:19:58] EDIT belot/models/db.py: 4
[2016-10-09 02:22:26] EDIT belot/models/db.py: 1
[2016-10-09 02:22:28] EDIT belot/modules/game.py: 0
[2016-10-09 02:22:31] EDIT belot/modules/card.py: 0
[2016-10-09 02:58:06] EDIT belot/models/db.py: -1
[2016-10-09 03:22:58] EDIT belot/models/db.py: 0
[2016-10-09 03:30:42] EDIT belot/controllers/game.py: 1
[2016-10-09 03:31:40] EDIT belot/controllers/game.py: 0
[2016-10-09 03:31:42] EDIT belot/controllers/game.py: 0
[2016-10-09 03:34:11] EDIT belot/controllers/game.py: 0
[2016-10-09 05:11:40] EDIT belot/models/db.py: 0
[2016-10-09 05:12:11] EDIT belot/modules/game.py: 0
[2016-10-09 05:12:53] EDIT belot/controllers/game.py: -1
[2016-10-09 05:13:02] EDIT belot/controllers/game.py: 1
[2016-10-09 05:13:18] EDIT belot/controllers/game.py: -1
[2016-10-09 05:13:23] EDIT belot/controllers/game.py: -1
[2016-10-09 05:13:37] EDIT belot/controllers/game.py: 1
[2016-10-09 05:13:42] EDIT belot/controllers/game.py: -1
[2016-10-09 05:13:55] EDIT belot/controllers/game.py: 1
[2016-10-09 05:14:04] EDIT belot/controllers/game.py: -1
[2016-10-09 05:14:08] EDIT belot/controllers/game.py: 0
[2016-10-09 05:14:47] EDIT belot/controllers/game.py: 0
[2016-10-09 05:14:55] EDIT belot/controllers/game.py: 1
[2016-10-09 05:15:13] EDIT belot/controllers/game.py: 0
[2016-10-09 05:15:20] EDIT belot/controllers/game.py: 1
[2016-10-09 05:15:36] EDIT belot/controllers/game.py: 0
[2016-10-09 06:04:17] EDIT belot/controllers/game.py: 1
[2016-10-09 06:07:43] EDIT belot/views/game/current.html: 0
[2016-10-09 06:17:45] EDIT belot/views/game/info.html: 9
[2016-10-09 06:18:22] EDIT belot/views/game/info.html: 0
[2016-10-09 06:19:33] EDIT belot/views/game/info.html: -6
[2016-10-09 06:22:35] CREATE game/_deal_btn.html: 0
[2016-10-09 06:23:10] EDIT belot/views/game/_deal_btn.html: 47
[2016-10-09 06:24:28] EDIT belot/views/game/_deal_btn.html: -1
[2016-10-09 06:25:44] EDIT belot/views/game/info.html: 1
[2016-10-09 06:26:55] EDIT belot/controllers/game.py: 18
[2016-10-09 06:27:38] EDIT belot/controllers/game.py: 0
[2016-10-09 06:31:21] EDIT belot/views/game/_deal_btn.html: 2
[2016-10-09 06:32:45] EDIT belot/views/game/_deal_btn.html: 2
[2016-10-09 06:33:24] EDIT belot/views/game/_deal_btn.html: 3
[2016-10-09 06:34:30] EDIT belot/views/game/_deal_btn.html: 5
[2016-10-09 06:35:10] EDIT belot/views/game/_deal_btn.html: 3
[2016-10-09 06:35:59] EDIT belot/views/game/_deal_btn.html: 3
[2016-10-09 06:36:51] EDIT belot/views/game/_deal_btn.html: 0
[2016-10-09 06:37:30] EDIT belot/views/game/_deal_btn.html: 3
[2016-10-09 06:38:17] EDIT belot/views/game/_deal_btn.html: 0
[2016-10-09 06:40:31] EDIT belot/controllers/game.py: 0
[2016-10-09 06:50:17] EDIT belot/models/db.py: 4
[2016-10-09 06:52:15] EDIT belot/models/db.py: 3
[2016-10-09 06:52:30] EDIT belot/models/db.py: 2
[2016-10-09 06:52:47] EDIT belot/models/db.py: 1
[2016-10-09 06:52:54] EDIT belot/models/db.py: 0
[2016-10-09 06:53:16] EDIT belot/models/db.py: 1
[2016-10-09 06:53:27] EDIT belot/models/db.py: 1
[2016-10-09 06:53:46] EDIT belot/models/db.py: -1
[2016-10-09 06:54:18] EDIT belot/models/db.py: 2
[2016-10-09 06:54:36] EDIT belot/models/db.py: 2
[2016-10-09 06:55:31] EDIT belot/models/db.py: -2
[2016-10-09 06:55:54] EDIT belot/models/db.py: 0
[2016-10-09 06:58:36] EDIT belot/models/db.py: 4
[2016-10-09 06:59:00] EDIT belot/models/db.py: 0
[2016-10-09 07:00:04] EDIT belot/models/db.py: 1
[2016-10-09 07:00:34] EDIT belot/models/db.py: 1
[2016-10-09 07:01:41] EDIT belot/models/db.py: 4
[2016-10-09 07:03:53] EDIT belot/models/db.py: 14
[2016-10-09 07:05:18] EDIT belot/models/db.py: -1
[2016-10-09 07:06:14] EDIT belot/models/db.py: 1
[2016-10-09 07:08:07] EDIT belot/models/db.py: 0
[2016-10-09 07:08:19] EDIT belot/models/db.py: 0
[2016-10-09 07:09:23] EDIT belot/models/db.py: 0
[2016-10-09 07:11:12] EDIT belot/models/db.py: 0
[2016-10-09 07:11:56] EDIT belot/models/db.py: 0
[2016-10-09 07:27:44] EDIT belot/models/db.py: 0
[2016-10-09 07:38:23] EDIT belot/models/belot.py: 0
[2016-10-09 07:38:29] EDIT belot/models/belot.py: 0
[2016-10-09 07:38:29] EDIT belot/models/belot.py: 0
[2016-10-09 07:38:43] EDIT belot/models/belot.py: -111
[2016-10-09 07:40:29] EDIT belot/models/belot.py: 0
[2016-10-09 07:43:20] EDIT belot/models/belot.py: 0
[2016-10-09 07:47:48] EDIT belot/models/belot.py: 0
[2016-10-09 07:52:21] EDIT belot/models/belot.py: 0
[2016-10-09 09:01:29] EDIT belot/models/db.py: 0
[2016-10-09 09:02:21] EDIT belot/models/db.py: 0
[2016-10-09 09:02:43] EDIT belot/models/db.py: 0
[2016-10-09 09:03:03] EDIT belot/models/db.py: 0
[2016-10-09 09:04:17] EDIT belot/models/db.py: 0
[2016-10-09 09:04:37] EDIT belot/models/db.py: 0
[2016-10-09 09:12:26] CREATE game/_cards.html: 0
[2016-10-09 09:14:01] EDIT belot/controllers/game.py: 0
[2016-10-09 09:14:04] EDIT belot/controllers/game.py: 0
[2016-10-09 09:15:48] EDIT belot/controllers/game.py: 28
[2016-10-09 10:28:49] EDIT belot/controllers/game.py: 2
[2016-10-09 10:29:00] EDIT belot/controllers/game.py: 0
[2016-10-09 10:29:23] EDIT belot/controllers/game.py: 0
[2016-10-09 10:31:39] EDIT belot/controllers/game.py: 0
[2016-10-09 10:31:59] EDIT belot/controllers/game.py: 0
[2016-10-09 10:36:33] EDIT belot/controllers/game.py: -2
[2016-10-09 10:37:02] EDIT belot/controllers/game.py: 2
[2016-10-09 10:37:48] EDIT belot/controllers/game.py: 0
[2016-10-09 10:38:17] EDIT belot/controllers/game.py: -2
[2016-10-09 10:40:03] EDIT belot/controllers/game.py: 1
[2016-10-09 10:40:46] EDIT belot/models/db.py: 2
[2016-10-09 10:59:39] EDIT belot/models/db.py: 7
[2016-10-09 11:00:57] EDIT belot/models/db.py: 1
[2016-10-09 11:01:17] EDIT belot/models/db.py: 1
[2016-10-09 11:01:29] EDIT belot/models/db.py: 1
[2016-10-09 11:01:30] EDIT belot/models/db.py: 0
[2016-10-09 11:01:58] EDIT belot/models/db.py: 1
[2016-10-09 11:02:28] EDIT belot/models/db.py: 0
[2016-10-09 11:05:10] EDIT belot/models/db.py: 0
[2016-10-09 11:06:43] EDIT belot/models/db.py: 0
[2016-10-09 11:22:51] EDIT belot/controllers/game.py: -2
[2016-10-09 11:23:48] CREATE game/_btns.html: 0
[2016-10-09 11:23:55] EDIT belot/views/game/_btns.html: 67
[2016-10-09 19:47:22] EDIT belot/models/db.py: 0
[2016-10-09 19:49:34] CREATE game_status.db.py: 0
[2016-10-09 19:49:40] EDIT belot/models/game_status.db.py: 1
[2016-10-09 19:49:58] EDIT belot/models/game_status.db.py: 26
[2016-10-09 19:51:38] EDIT belot/models/db.py: -27
[2016-10-09 20:18:14] EDIT belot/controllers/game.py: -1
[2016-10-09 20:21:28] EDIT belot/controllers/game.py: 0
[2016-10-09 20:21:57] EDIT belot/controllers/game.py: -2
[2016-10-09 20:22:46] EDIT belot/controllers/game.py: 0
[2016-10-09 20:22:52] EDIT belot/controllers/game.py: 0
[2016-10-09 20:23:28] EDIT belot/controllers/game.py: -1
[2016-10-09 20:23:42] EDIT belot/controllers/game.py: 0
[2016-10-09 20:25:17] EDIT belot/views/game/info.html: 0
[2016-10-09 20:27:01] EDIT belot/views/game/_cards.html: 282
[2016-10-09 20:27:09] EDIT belot/views/game/_cards.html: -3
[2016-10-09 20:27:33] EDIT belot/views/game/info.html: -282
[2016-10-09 20:28:26] EDIT belot/views/game/info.html: 1
[2016-10-09 20:28:54] EDIT belot/views/game/info.html: 0
[2016-10-09 20:29:06] EDIT belot/views/game/info.html: -5
[2016-10-09 20:29:24] EDIT belot/views/game/info.html: -3
[2016-10-09 20:35:52] EDIT belot/views/game/_cards.html: 0
[2016-10-09 20:38:55] EDIT belot/views/game/info.html: 6
[2016-10-09 20:39:04] EDIT belot/views/game/info.html: 0
[2016-10-09 20:39:14] EDIT belot/views/game/info.html: 0
[2016-10-09 20:39:42] EDIT belot/views/game/info.html: 0
[2016-10-09 20:39:50] EDIT belot/views/game/info.html: 0
[2016-10-09 20:40:55] EDIT belot/views/game/info.html: 0
[2016-10-09 20:47:32] EDIT belot/controllers/game.py: -19
[2016-10-09 20:47:45] EDIT belot/controllers/game.py: 1
[2016-10-09 20:51:06] EDIT belot/views/game/_deal_btn.html: 0
[2016-10-09 20:57:59] EDIT belot/controllers/game.py: 0
[2016-10-09 20:59:03] EDIT belot/controllers/game.py: -1
[2016-10-09 21:03:03] EDIT belot/controllers/game.py: 0
[2016-10-09 21:06:29] EDIT belot/views/game/_cards.html: 20
[2016-10-09 21:07:41] EDIT belot/views/game/_deal_btn.html: -21
[2016-10-09 21:10:25] EDIT belot/views/game/_deal_btn.html: 0
[2016-10-09 21:11:12] EDIT belot/views/game/_deal_btn.html: 0
[2016-10-09 21:12:07] EDIT belot/views/game/_deal_btn.html: 0
[2016-10-09 21:12:33] EDIT belot/views/game/_deal_btn.html: 0
[2016-10-09 21:12:45] EDIT belot/views/game/_deal_btn.html: -1
[2016-10-09 21:12:55] EDIT belot/views/game/_deal_btn.html: 0
[2016-10-09 21:13:08] EDIT belot/views/game/_deal_btn.html: 0
[2016-10-09 21:20:44] EDIT belot/views/game/_gamebuttons.html: 0
[2016-10-09 21:27:29] EDIT belot/controllers/game.py: 0
[2016-10-09 21:28:10] EDIT belot/controllers/game.py: 0
[2016-10-09 21:28:51] EDIT belot/controllers/game.py: -4
[2016-10-09 21:39:10] EDIT belot/controllers/game.py: 0
[2016-10-09 21:40:27] EDIT belot/views/game/_deal_btn.html: 0
[2016-10-09 21:46:47] EDIT belot/models/belot.py: 27
[2016-10-09 21:47:19] DELETE belot/models/game_status.db.py: -27
[2016-10-09 21:50:23] EDIT belot/models/belot.py: -27
[2016-10-09 21:55:53] EDIT belot/views/game/_deal_btn.html: 0
[2016-10-09 21:59:38] EDIT belot/models/db.py: 0
[2016-10-09 21:59:50] EDIT belot/models/db.py: 0
[2016-10-09 22:00:50] EDIT belot/models/db.py: 0
[2016-10-09 22:00:55] EDIT belot/models/db.py: 0
[2016-10-09 22:01:38] EDIT belot/models/db.py: 0
[2016-10-09 22:01:46] EDIT belot/models/db.py: -2
[2016-10-09 22:01:58] EDIT belot/models/db.py: -2
[2016-10-09 22:03:24] EDIT belot/models/db.py: 27
[2016-10-09 22:04:25] EDIT belot/views/game/_deal_btn.html: 0
[2016-10-09 22:09:06] EDIT belot/controllers/game.py: 8
[2016-10-09 22:11:21] EDIT belot/models/db.py: 0
[2016-10-09 22:12:10] EDIT belot/models/db.py: -4
[2016-10-09 22:13:00] EDIT belot/models/db.py: 0
[2016-10-09 22:13:20] EDIT belot/models/db.py: 0
[2016-10-09 22:13:35] EDIT belot/models/db.py: 0
[2016-10-09 22:14:11] EDIT belot/models/db.py: 4
[2016-10-09 22:16:30] EDIT belot/models/db.py: 1
[2016-10-09 22:18:25] EDIT belot/models/db.py: 0
[2016-10-09 22:19:21] EDIT belot/models/db.py: 0
[2016-10-09 22:23:53] EDIT belot/models/db.py: 0
[2016-10-09 22:27:20] EDIT belot/models/db.py: 0
[2016-10-09 23:05:10] EDIT belot/views/game/info.html: 1
[2016-10-09 23:06:10] EDIT belot/views/game/info.html: 1
[2016-10-09 23:07:12] EDIT belot/views/game/info.html: 0
[2016-10-09 23:09:58] EDIT belot/views/game/info.html: 5
[2016-10-09 23:10:29] EDIT belot/views/game/info.html: -7
[2016-10-09 23:11:59] EDIT belot/views/game/info.html: -4
[2016-10-09 23:12:39] EDIT belot/views/game/info.html: 0
[2016-10-09 23:14:46] EDIT belot/views/game/info.html: 1
[2016-10-09 23:15:29] EDIT belot/views/game/info.html: 0
[2016-10-09 23:17:07] EDIT belot/views/game/info.html: 3
[2016-10-09 23:17:36] EDIT belot/views/game/info.html: 0
[2016-10-09 23:18:33] EDIT belot/views/game/info.html: 0
[2016-10-09 23:18:59] EDIT belot/views/game/info.html: 0
[2016-10-09 23:24:17] EDIT belot/views/game/_cards.html: 16
[2016-10-09 23:25:01] EDIT belot/views/game/info.html: 17
[2016-10-10 00:09:30] EDIT belot/models/db.py: 0
[2016-10-10 00:10:27] EDIT belot/models/db.py: 0
[2016-10-10 00:10:35] EDIT belot/models/db.py: 0
[2016-10-10 00:11:45] EDIT belot/models/db.py: 1
[2016-10-10 00:12:20] EDIT belot/models/db.py: 1
[2016-10-10 00:12:37] EDIT belot/models/db.py: 0
[2016-10-10 00:13:01] EDIT belot/models/db.py: 1
[2016-10-10 00:13:06] EDIT belot/models/db.py: 0
[2016-10-10 00:17:58] EDIT belot/models/belot.py: 0
[2016-10-10 00:47:57] EDIT belot/models/belot.py: 0
[2016-10-10 03:19:47] CREATE css/hand_belot.css: 0
[2016-10-10 03:19:52] EDIT belot/static/css/hand_belot.css: 591
[2016-10-10 03:25:03] EDIT belot/static/css/hand_belot.css: 0
[2016-10-10 16:29:35] EDIT belot/views/game/info.html: 0
[2016-10-10 22:22:40] EDIT belot/controllers/game.py: 0
[2016-10-10 22:25:16] EDIT belot/views/game/info.html: 2
[2016-10-10 22:26:23] EDIT belot/views/game/info.html: 0
[2016-10-10 22:26:55] EDIT belot/views/game/info.html: 0
[2016-10-10 22:28:57] EDIT belot/views/game/info.html: 4
[2016-10-10 22:48:14] EDIT belot/views/game/_deal_btn.html: 1
[2016-10-10 23:39:27] EDIT belot/static/css/hand_belot.css: 0
[2016-10-11 00:03:56] EDIT belot/views/game/info.html: 3
[2016-10-11 00:03:58] EDIT belot/views/game/info.html: 0
[2016-10-11 00:04:07] EDIT belot/views/game/info.html: 0
[2016-10-11 00:04:45] EDIT belot/views/game/info.html: 0
[2016-10-11 00:11:52] EDIT belot/views/game/info.html: 1
[2016-10-11 00:12:35] EDIT belot/views/game/info.html: 1
[2016-10-11 00:12:35] EDIT belot/views/game/info.html: 0
[2016-10-11 00:13:37] EDIT belot/views/game/info.html: 1
[2016-10-11 00:14:31] EDIT belot/views/game/info.html: 1
[2016-10-11 00:17:13] EDIT belot/views/game/info.html: 2
[2016-10-11 00:18:23] EDIT belot/views/game/info.html: -4
[2016-10-11 00:18:32] EDIT belot/views/game/info.html: 0
[2016-10-11 00:18:58] EDIT belot/views/game/info.html: 0
[2016-10-11 00:19:38] EDIT belot/views/game/info.html: 1
[2016-10-11 00:20:01] EDIT belot/views/game/info.html: 0
[2016-10-11 00:21:02] EDIT belot/views/game/info.html: 0
[2016-10-11 00:21:32] EDIT belot/views/game/info.html: 0
[2016-10-11 00:21:56] EDIT belot/views/game/info.html: 0
[2016-10-11 00:22:01] EDIT belot/views/game/info.html: 0
[2016-10-11 00:22:24] EDIT belot/views/game/info.html: 0
[2016-10-11 00:23:20] EDIT belot/views/game/info.html: 0
[2016-10-11 00:23:57] EDIT belot/views/game/info.html: 0
[2016-10-11 00:23:57] EDIT belot/views/game/info.html: 0
[2016-10-11 00:24:06] EDIT belot/views/game/info.html: 0
[2016-10-11 00:25:15] EDIT belot/views/game/info.html: 0
[2016-10-11 00:31:02] EDIT belot/controllers/game.py: -1
[2016-10-11 00:31:20] EDIT belot/controllers/game.py: 0
[2016-10-11 00:32:49] EDIT belot/views/game/info.html: 3
[2016-10-11 00:33:18] EDIT belot/views/game/info.html: 1
[2016-10-11 00:33:36] EDIT belot/views/game/info.html: 0
[2016-10-11 00:33:47] EDIT belot/views/game/info.html: 0
[2016-10-11 00:35:11] EDIT belot/views/game/info.html: 0
[2016-10-11 00:35:11] EDIT belot/views/game/info.html: 0
[2016-10-11 00:50:42] EDIT belot/views/game/info.html: 4
[2016-10-11 00:51:15] EDIT belot/views/game/info.html: 1
[2016-10-11 00:53:30] EDIT belot/views/game/info.html: 0
[2016-10-11 00:54:35] EDIT belot/views/game/info.html: 0
[2016-10-11 00:54:43] EDIT belot/views/game/info.html: -1
[2016-10-11 00:54:54] EDIT belot/views/game/info.html: 0
[2016-10-11 00:56:23] EDIT belot/models/belot.py: 0
[2016-10-11 05:37:21] EDIT belot/views/game/info.html: 1
[2016-10-11 06:52:51] EDIT belot/views/game/info.html: 18
[2016-10-11 06:52:56] EDIT belot/views/game/info.html: 0
[2016-10-11 06:53:21] EDIT belot/views/game/info.html: -2
[2016-10-11 06:56:57] EDIT belot/views/game/info.html: -1
[2016-10-11 06:57:28] EDIT belot/views/game/info.html: -1
[2016-10-11 06:57:50] EDIT belot/views/game/info.html: 1
[2016-10-11 06:58:09] EDIT belot/views/game/info.html: -7
[2016-10-11 06:58:29] EDIT belot/views/game/info.html: -1
[2016-10-11 07:00:20] EDIT belot/views/game/info.html: 5
[2016-10-11 07:01:37] EDIT belot/views/game/info.html: 1
[2016-10-11 07:02:13] EDIT belot/views/game/info.html: -19
[2016-10-11 07:02:33] EDIT belot/views/game/info.html: 0
[2016-10-11 07:03:14] EDIT belot/views/game/info.html: 2
[2016-10-11 07:03:51] EDIT belot/views/game/info.html: 0
[2016-10-11 07:04:42] EDIT belot/views/game/info.html: -1
[2016-10-11 07:04:56] EDIT belot/views/game/info.html: 0
[2016-10-11 07:05:12] EDIT belot/views/game/info.html: 0
[2016-10-11 07:05:50] EDIT belot/views/game/info.html: 0
[2016-10-11 07:07:08] EDIT belot/views/game/info.html: 0
[2016-10-11 07:08:56] EDIT belot/views/game/info.html: -6
[2016-10-11 07:09:39] EDIT belot/views/game/info.html: 0
[2016-10-11 07:11:46] EDIT belot/views/game/info.html: -3
[2016-10-11 07:12:38] EDIT belot/views/game/info.html: 0
[2016-10-11 07:13:57] EDIT belot/views/game/info.html: 0
[2016-10-11 07:16:03] EDIT belot/controllers/game.py: 16
[2016-10-11 07:16:51] EDIT belot/controllers/game.py: 16
[2016-10-11 07:17:24] EDIT belot/controllers/game.py: 0
[2016-10-11 07:17:41] EDIT belot/controllers/game.py: -16
[2016-10-11 07:20:17] EDIT belot/views/game/info.html: -18
[2016-10-11 07:20:58] EDIT belot/controllers/game.py: 0
[2016-10-11 07:21:34] EDIT belot/controllers/game.py: 1
[2016-10-11 07:21:43] EDIT belot/controllers/game.py: 0
[2016-10-11 07:22:49] EDIT belot/controllers/game.py: 0
[2016-10-11 07:22:49] EDIT belot/controllers/game.py: 0
[2016-10-11 07:24:16] EDIT belot/views/game/info.html: 0
[2016-10-11 07:24:26] EDIT belot/views/game/info.html: 0
[2016-10-11 07:25:54] EDIT belot/views/game/info.html: 0
[2016-10-12 23:25:13] EDIT belot/controllers/game.py: 0
[2016-10-12 23:34:59] EDIT belot/controllers/game.py: -1
[2016-10-12 23:35:57] EDIT belot/controllers/game.py: -1
[2016-10-13 01:19:27] EDIT belot/views/game/info.html: -1
[2016-10-13 01:26:24] EDIT belot/controllers/game.py: 0
[2016-10-13 20:14:37] EDIT belot/controllers/game.py: 11
[2016-10-13 20:14:46] EDIT belot/controllers/game.py: 0
[2016-10-13 20:16:14] EDIT belot/views/game/_cards.html: 0
[2016-10-13 20:16:26] EDIT belot/controllers/game.py: 0
[2016-10-14 21:17:34] EDIT belot/controllers/game.py: 19
[2016-10-14 21:17:45] EDIT belot/controllers/game.py: 0
[2016-10-14 21:29:04] EDIT belot/models/db.py: 1
[2016-10-14 21:29:28] EDIT belot/models/db.py: 1
[2016-10-14 21:31:15] EDIT belot/models/db.py: 7
[2016-10-14 21:34:14] EDIT belot/models/db.py: 8
[2016-10-14 21:34:53] EDIT belot/models/db.py: 0
[2016-10-14 21:35:29] EDIT belot/models/db.py: 4
[2016-10-14 21:36:35] EDIT belot/models/db.py: 8
[2016-10-14 21:36:53] EDIT belot/models/db.py: 4
[2016-10-14 21:37:33] EDIT belot/models/db.py: 4
[2016-10-14 21:37:57] EDIT belot/models/db.py: 0
[2016-10-14 21:39:44] EDIT belot/models/db.py: 1
[2016-10-14 21:40:25] EDIT belot/models/db.py: 0
[2016-10-14 21:41:41] EDIT belot/models/db.py: 4
[2016-10-14 21:42:16] EDIT belot/models/db.py: 4
[2016-10-14 21:42:48] EDIT belot/models/db.py: 4
[2016-10-14 21:43:53] EDIT belot/models/db.py: 4
[2016-10-14 21:44:20] EDIT belot/models/db.py: 4
[2016-10-14 21:44:31] EDIT belot/models/db.py: 0
[2016-10-14 21:52:25] EDIT belot/views/game/info.html: 3
[2016-10-14 21:57:29] EDIT belot/controllers/game.py: 2
[2016-10-14 22:01:34] EDIT belot/controllers/game.py: 6
[2016-10-14 22:03:00] EDIT belot/models/db.py: 1
[2016-10-14 22:06:53] EDIT belot/models/db.py: 0
[2016-10-14 22:07:03] EDIT belot/models/db.py: 0
[2016-10-14 22:07:12] EDIT belot/models/db.py: 0
[2016-10-14 22:07:51] EDIT belot/models/db.py: 0
[2016-10-14 22:08:51] EDIT belot/views/game/_cards.html: 0
[2016-10-14 22:09:04] EDIT belot/views/game/_cards.html: 0
[2016-10-14 22:09:15] EDIT belot/models/db.py: 0
[2016-10-14 22:09:19] EDIT belot/controllers/game.py: 0
[2016-10-14 22:09:19] EDIT belot/controllers/game.py: 0
[2016-10-14 22:10:32] EDIT belot/models/db.py: 0
[2016-10-14 22:16:08] EDIT belot/models/db.py: 0
[2016-10-14 22:19:21] EDIT belot/models/db.py: 0
[2016-10-14 22:25:30] EDIT belot/models/db.py: 16
[2016-10-14 22:27:23] EDIT belot/models/db.py: 1
[2016-10-14 22:46:48] EDIT belot/controllers/game.py: -8
[2016-10-14 22:48:52] EDIT belot/controllers/game.py: 8
[2016-10-14 22:49:51] EDIT belot/models/db.py: 0
[2016-10-14 23:00:12] EDIT belot/models/db.py: 1
[2016-10-14 23:01:22] EDIT belot/models/db.py: 2
[2016-10-14 23:05:13] EDIT belot/models/db.py: -2
[2016-10-14 23:13:47] EDIT belot/models/db.py: 1
[2016-10-14 23:14:05] EDIT belot/models/db.py: 0
[2016-10-14 23:19:13] EDIT belot/models/db.py: 1
[2016-10-14 23:19:59] EDIT belot/models/db.py: 0
[2016-10-14 23:20:07] EDIT belot/models/db.py: 0
[2016-10-14 23:45:59] EDIT belot/modules/game.py: 0
[2016-10-15 00:29:44] CREATE card_repo.py: 0
[2016-10-15 00:36:39] EDIT belot/modules/deck.py: 0
[2016-10-15 01:12:34] EDIT belot/controllers/game.py: 3
[2016-10-15 01:15:12] EDIT belot/controllers/game.py: 0
[2016-10-15 01:16:26] EDIT belot/controllers/game.py: 0
[2016-10-15 01:17:11] EDIT belot/views/game/info.html: 1
[2016-10-15 01:31:30] EDIT belot/controllers/game.py: 4
[2016-10-15 01:51:12] EDIT belot/controllers/game.py: 0
[2016-10-15 01:51:20] EDIT belot/controllers/game.py: 0
[2016-10-15 01:51:41] EDIT belot/controllers/game.py: -1
[2016-10-15 01:52:28] EDIT belot/controllers/game.py: -2
[2016-10-15 01:52:58] EDIT belot/controllers/game.py: 0
[2016-10-15 01:53:11] EDIT belot/controllers/game.py: -1
[2016-10-15 01:53:42] EDIT belot/controllers/game.py: -6
[2016-10-15 01:54:12] EDIT belot/controllers/game.py: 0
[2016-10-15 01:55:17] EDIT belot/controllers/game.py: -2
[2016-10-15 02:00:54] EDIT belot/views/game/_cards.html: 15
[2016-10-15 02:03:46] EDIT belot/views/game/info.html: 0
[2016-10-15 02:11:48] EDIT belot/controllers/game.py: -2
[2016-10-15 02:19:15] EDIT belot/views/game/_cards.html: -1
[2016-10-15 02:28:27] EDIT belot/views/game/info.html: 18
[2016-10-15 04:31:08] EDIT belot/models/db.py: 0
[2016-10-15 04:38:25] EDIT belot/models/db.py: 0
[2016-10-15 04:40:05] EDIT belot/models/db.py: 0
[2016-10-15 04:41:39] EDIT belot/models/db.py: 0
[2016-10-15 05:00:34] EDIT belot/models/db.py: -1
