timestamp: 2016-08-07T02:20:34.344124
CREATE TABLE auth_user(
    id INTEGER PRIMARY KEY AUTOINCREMENT,
    first_name CHAR(128),
    last_name CHAR(128),
    email CHAR(512),
    password CHAR(512),
    registration_key CHAR(512),
    reset_password_key CHAR(512),
    registration_id CHAR(512),
    username CHAR(512) UNIQUE,
    name CHAR(512)
);
success!
timestamp: 2016-08-07T02:20:34.430388
CREATE TABLE auth_group(
    id INTEGER PRIMARY KEY AUTOINCREMENT,
    role CHAR(512),
    description TEXT
);
success!
timestamp: 2016-08-07T02:20:34.506930
CREATE TABLE auth_membership(
    id INTEGER PRIMARY KEY AUTOINCREMENT,
    user_id INTEGER REFERENCES auth_user (id) ON DELETE CASCADE  ,
    group_id INTEGER REFERENCES auth_group (id) ON DELETE CASCADE  
);
success!
timestamp: 2016-08-07T02:20:34.583639
CREATE TABLE auth_permission(
    id INTEGER PRIMARY KEY AUTOINCREMENT,
    group_id INTEGER REFERENCES auth_group (id) ON DELETE CASCADE  ,
    name CHAR(512),
    table_name CHAR(512),
    record_id INTEGER
);
success!
timestamp: 2016-08-07T02:20:34.660580
CREATE TABLE auth_event(
    id INTEGER PRIMARY KEY AUTOINCREMENT,
    time_stamp TIMESTAMP,
    client_ip CHAR(512),
    user_id INTEGER REFERENCES auth_user (id) ON DELETE CASCADE  ,
    origin CHAR(512),
    description TEXT
);
success!
timestamp: 2016-08-07T02:20:34.737004
CREATE TABLE auth_cas(
    id INTEGER PRIMARY KEY AUTOINCREMENT,
    user_id INTEGER REFERENCES auth_user (id) ON DELETE CASCADE  ,
    created_on TIMESTAMP,
    service CHAR(512),
    ticket CHAR(512),
    renew CHAR(1)
);
success!
timestamp: 2016-08-07T02:20:34.854431
CREATE TABLE game_status(
    id INTEGER PRIMARY KEY AUTOINCREMENT,
    name CHAR(512),
    description CHAR(512)
);
success!
timestamp: 2016-08-07T02:20:34.945410
CREATE TABLE player_status(
    id INTEGER PRIMARY KEY AUTOINCREMENT,
    name CHAR(512),
    description CHAR(512)
);
success!
timestamp: 2016-08-07T02:20:35.021678
CREATE TABLE player_type(
    id INTEGER PRIMARY KEY AUTOINCREMENT,
    name CHAR(512),
    description CHAR(512)
);
success!
timestamp: 2016-08-07T02:20:35.098421
CREATE TABLE game(
    id INTEGER PRIMARY KEY AUTOINCREMENT,
    name CHAR(512),
    description TEXT,
    status_id INTEGER REFERENCES game_status (id) ON DELETE CASCADE  NOT NULL 
);
success!
timestamp: 2016-08-07T02:20:35.175898
CREATE TABLE player(
    id INTEGER PRIMARY KEY AUTOINCREMENT,
    game_id INTEGER REFERENCES game (id) ON DELETE CASCADE  NOT NULL ,
    user_id INTEGER REFERENCES auth_user (id) ON DELETE CASCADE  NOT NULL ,
    target_id INTEGER REFERENCES player (id) ON DELETE CASCADE  ,
    status_id INTEGER REFERENCES player_status (id) ON DELETE CASCADE  NOT NULL ,
    role_id INTEGER REFERENCES player_type (id) ON DELETE CASCADE  NOT NULL 
);
success!
timestamp: 2016-10-09T00:22:41.424839
CREATE TABLE deck(
    id INTEGER PRIMARY KEY AUTOINCREMENT,
    name CHAR(512),
    description CHAR(512)
);
success!
timestamp: 2016-10-09T00:53:14.649881
CREATE TABLE cards(
    id INTEGER PRIMARY KEY AUTOINCREMENT,
    name CHAR(512),
    description CHAR(512)
);
success!
timestamp: 2016-10-09T01:50:10.219015
ALTER TABLE cards ADD trump CHAR(512);
timestamp: 2016-10-09T01:50:10.277732
ALTER TABLE cards ADD color CHAR(512);
timestamp: 2016-10-09T01:50:10.322697
ALTER TABLE cards ADD cards_value CHAR(512);
success!
timestamp: 2016-10-09T01:58:01.500632
CREATE TABLE state_now(
    id INTEGER PRIMARY KEY AUTOINCREMENT,
    name CHAR(512),
    description CHAR(512)
);
success!
timestamp: 2016-10-09T01:58:01.584181
CREATE TABLE loot(
    id INTEGER PRIMARY KEY AUTOINCREMENT,
    name CHAR(512),
    description CHAR(512)
);
success!
timestamp: 2016-10-09T01:58:39.841184
CREATE TABLE cards_order_(
    id INTEGER PRIMARY KEY AUTOINCREMENT,
    name CHAR(512),
    description CHAR(512)
);
success!
timestamp: 2016-10-09T01:58:39.932763
CREATE TABLE deal(
    id INTEGER PRIMARY KEY AUTOINCREMENT,
    name CHAR(512),
    description CHAR(512)
);
success!
timestamp: 2016-10-09T01:58:39.999993
CREATE TABLE cards_values(
    id INTEGER PRIMARY KEY AUTOINCREMENT,
    name CHAR(512),
    description CHAR(512)
);
success!
timestamp: 2016-10-09T01:58:40.078911
CREATE TABLE auction(
    id INTEGER PRIMARY KEY AUTOINCREMENT,
    name CHAR(512),
    description CHAR(512)
);
success!
timestamp: 2016-10-09T01:58:40.136502
CREATE TABLE auction_history(
    id INTEGER PRIMARY KEY AUTOINCREMENT,
    name CHAR(512),
    description CHAR(512)
);
success!
timestamp: 2016-10-09T01:58:40.203137
CREATE TABLE contract(
    id INTEGER PRIMARY KEY AUTOINCREMENT,
    name CHAR(512),
    description CHAR(512)
);
success!
timestamp: 2016-10-09T01:58:40.262083
CREATE TABLE bonus_value_team_1(
    id INTEGER PRIMARY KEY AUTOINCREMENT,
    name CHAR(512),
    description CHAR(512)
);
success!
timestamp: 2016-10-09T01:58:40.321855
CREATE TABLE bonus_value_team_2(
    id INTEGER PRIMARY KEY AUTOINCREMENT,
    name CHAR(512),
    description CHAR(512)
);
success!
timestamp: 2016-10-09T01:58:40.379139
CREATE TABLE check_for_belote(
    id INTEGER PRIMARY KEY AUTOINCREMENT,
    name CHAR(512),
    description CHAR(512)
);
success!
timestamp: 2016-10-09T01:58:40.468024
CREATE TABLE check_for_con(
    id INTEGER PRIMARY KEY AUTOINCREMENT,
    name CHAR(512),
    description CHAR(512)
);
timestamp: 2016-10-09T01:58:40.593739
CREATE TABLE check_for_con(
    id INTEGER PRIMARY KEY AUTOINCREMENT,
    name CHAR(512),
    description CHAR(512)
);
success!
timestamp: 2016-10-09T02:20:53.817109
CREATE TABLE teams(
    id INTEGER PRIMARY KEY AUTOINCREMENT,
    name CHAR(512),
    description CHAR(512)
);
success!
timestamp: 2016-10-09T09:04:48.908594
CREATE TABLE classic(
    id INTEGER PRIMARY KEY AUTOINCREMENT,
    name CHAR(512),
    description CHAR(512),
    order_b CHAR(512),
    c_value CHAR(512)
);
success!
timestamp: 2016-10-09T09:04:49.001884
CREATE TABLE rewards(
    id INTEGER PRIMARY KEY AUTOINCREMENT,
    name CHAR(512),
    description CHAR(512),
    order_b CHAR(512),
    value_A CHAR(512)
);
success!
timestamp: 2016-10-09T09:04:49.052208
CREATE TABLE peer_rating(
    id INTEGER PRIMARY KEY AUTOINCREMENT,
    name CHAR(512),
    description CHAR(512),
    order_b CHAR(512),
    value_A CHAR(512)
);
success!
timestamp: 2016-10-09T09:04:49.142121
ALTER TABLE cards ADD cards_value_a CHAR(512);
success!
timestamp: 2016-10-09T09:04:49.228721
CREATE TABLE cards_order_b_(
    id INTEGER PRIMARY KEY AUTOINCREMENT,
    name CHAR(512),
    description CHAR(512)
);
success!
timestamp: 2016-10-09T09:04:49.281345
CREATE TABLE cards_value_As(
    id INTEGER PRIMARY KEY AUTOINCREMENT,
    name CHAR(512),
    description CHAR(512)
);
success!
timestamp: 2016-10-09T09:04:49.353205
CREATE TABLE bonus_value_A_team_1(
    id INTEGER PRIMARY KEY AUTOINCREMENT,
    name CHAR(512),
    description CHAR(512)
);
success!
timestamp: 2016-10-09T09:04:49.407572
CREATE TABLE bonus_value_A_team_2(
    id INTEGER PRIMARY KEY AUTOINCREMENT,
    name CHAR(512),
    description CHAR(512)
);
success!
success!
success!
success!
success!
success!
success!
success!
success!
success!
success!
success!
success!
success!
success!
success!
success!
success!
success!
success!
success!
success!
success!
success!
success!
success!
success!
success!
success!
success!
success!
success!
success!
success!
success!
success!
success!
success!
success!
success!
success!
success!
success!
success!
success!
success!
success!
success!
success!
success!
success!
success!
success!
success!
success!
success!
success!
success!
success!
success!
success!
success!
success!
success!
success!
success!
success!
success!
success!
success!
success!
success!
success!
success!
success!
success!
success!
success!
success!
success!
success!
success!
success!
success!
success!
success!
success!
success!
success!
success!
success!
success!
success!
success!
success!
success!
success!
success!
success!
success!
success!
success!
success!
success!
success!
success!
success!
success!
success!
success!
success!
success!
success!
success!
success!
success!
success!
success!
success!
success!
success!
success!
success!
success!
success!
success!
success!
success!
success!
success!
success!
success!
success!
success!
success!
success!
success!
success!
success!
success!
success!
success!
success!
success!
success!
success!
success!
success!
success!
success!
success!
success!
success!
success!
success!
success!
success!
success!
success!
success!
success!
success!
success!
success!
success!
success!
success!
success!
success!
success!
success!
success!
success!
success!
success!
success!
success!
success!
success!
success!
success!
success!
success!
success!
success!
success!
success!
success!
success!
success!
success!
success!
success!
success!
success!
success!
success!
success!
success!
success!
success!
success!
success!
success!
success!
success!
success!
success!
success!
success!
success!
success!
success!
success!
success!
success!
success!
success!
success!
success!
success!
success!
success!
success!
success!
success!
success!
success!
success!
success!
success!
success!
success!
success!
success!
success!
success!
success!
success!
success!
success!
success!
success!
success!
success!
success!
success!
success!
success!
success!
success!
success!
success!
success!
success!
success!
success!
success!
success!
success!
success!
success!
success!
success!
success!
success!
success!
success!
success!
success!
success!
success!
success!
success!
success!
success!
success!
success!
success!
success!
success!
success!
success!
success!
success!
success!
success!
success!
success!
success!
success!
success!
success!
success!
success!
success!
success!
success!
success!
success!
success!
success!
success!
success!
success!
success!
success!
success!
success!
success!
timestamp: 2016-10-09T22:14:56.870321
CREATE TABLE scores(
    id INTEGER PRIMARY KEY AUTOINCREMENT,
    name CHAR(512),
    description CHAR(512)
);
success!
success!
success!
success!
success!
success!
success!
success!
success!
success!
success!
success!
success!
success!
success!
success!
success!
success!
success!
success!
success!
success!
success!
success!
success!
success!
success!
success!
success!
success!
success!
success!
success!
success!
success!
success!
success!
success!
success!
success!
success!
success!
success!
success!
success!
success!
success!
success!
success!
success!
success!
success!
success!
success!
success!
success!
success!
success!
success!
success!
success!
success!
success!
success!
success!
success!
success!
success!
success!
success!
success!
success!
success!
success!
success!
success!
success!
success!
success!
success!
success!
success!
success!
success!
success!
success!
success!
success!
success!
success!
success!
success!
success!
success!
success!
success!
success!
success!
success!
success!
success!
success!
success!
success!
success!
success!
success!
success!
success!
success!
success!
success!
success!
success!
success!
success!
success!
success!
success!
success!
success!
success!
success!
timestamp: 2016-10-10T00:09:59.875960
CREATE TABLE card(
    id INTEGER PRIMARY KEY AUTOINCREMENT,
    name CHAR(512),
    description CHAR(512),
    sun_value_A CHAR(512),
    color CHAR(512),
    trump CHAR(512)
);
success!
timestamp: 2016-10-10T00:10:59.980813
ALTER TABLE card ADD sun_value CHAR(512);
timestamp: 2016-10-10T00:11:00.136321
ALTER TABLE card ADD trump_value CHAR(512);
success!
timestamp: 2016-10-10T00:11:59.907290
ALTER TABLE card ADD sun_order CHAR(512);
success!
timestamp: 2016-10-10T00:12:59.929099
ALTER TABLE card ADD trump_order CHAR(512);
success!
timestamp: 2016-10-10T00:13:16.391642
ALTER TABLE card ADD svg CHAR(512);
success!
success!
success!
success!
success!
success!
success!
success!
success!
success!
success!
success!
success!
success!
success!
success!
success!
success!
success!
success!
success!
success!
success!
success!
success!
success!
success!
success!
success!
success!
success!
success!
success!
success!
success!
success!
success!
success!
success!
success!
success!
success!
success!
success!
success!
success!
success!
success!
success!
success!
success!
success!
success!
success!
success!
success!
success!
success!
success!
success!
success!
success!
success!
success!
success!
success!
success!
success!
success!
success!
success!
success!
success!
success!
success!
success!
success!
success!
success!
success!
success!
success!
success!
success!
success!
success!
success!
success!
success!
success!
success!
success!
success!
success!
success!
success!
success!
success!
success!
success!
success!
success!
success!
success!
success!
success!
success!
success!
success!
success!
success!
success!
success!
success!
success!
success!
success!
success!
success!
success!
success!
success!
success!
success!
success!
success!
success!
success!
success!
success!
success!
success!
success!
success!
success!
success!
success!
success!
success!
success!
success!
success!
success!
success!
success!
success!
success!
success!
success!
success!
success!
success!
success!
success!
success!
success!
success!
success!
success!
success!
success!
success!
success!
success!
success!
success!
success!
success!
success!
success!
success!
success!
success!
success!
success!
success!
success!
success!
success!
success!
success!
success!
success!
success!
success!
success!
success!
success!
success!
success!
success!
success!
success!
success!
success!
success!
success!
success!
success!
success!
success!
success!
success!
success!
success!
success!
success!
success!
success!
success!
success!
success!
success!
success!
success!
success!
success!
success!
success!
success!
success!
success!
success!
success!
success!
success!
success!
success!
success!
success!
success!
success!
success!
success!
success!
success!
success!
success!
success!
success!
success!
success!
success!
success!
success!
success!
success!
success!
success!
success!
success!
success!
success!
success!
success!
success!
success!
success!
success!
success!
success!
success!
success!
success!
success!
success!
success!
success!
success!
success!
success!
success!
success!
success!
success!
success!
success!
success!
success!
success!
success!
success!
success!
success!
success!
success!
success!
success!
success!
success!
success!
success!
success!
success!
success!
success!
success!
success!
success!
success!
success!
success!
success!
success!
success!
success!
success!
success!
success!
success!
success!
success!
success!
success!
success!
success!
success!
success!
success!
success!
success!
success!
success!
success!
success!
success!
success!
success!
success!
success!
success!
success!
success!
success!
success!
success!
success!
success!
success!
success!
success!
success!
success!
success!
success!
success!
success!
success!
success!
success!
success!
success!
success!
success!
success!
success!
success!
success!
success!
success!
success!
success!
success!
success!
success!
success!
success!
success!
success!
success!
success!
success!
success!
success!
success!
success!
success!
success!
success!
success!
success!
success!
success!
success!
success!
success!
success!
success!
success!
success!
success!
success!
success!
success!
success!
success!
success!
success!
success!
success!
success!
success!
success!
success!
success!
success!
success!
success!
success!
success!
success!
success!
success!
success!
success!
success!
success!
success!
success!
success!
success!
success!
success!
success!
success!
success!
success!
success!
success!
success!
success!
success!
success!
success!
success!
success!
success!
success!
success!
success!
success!
success!
success!
success!
success!
success!
success!
success!
success!
success!
success!
success!
success!
success!
success!
success!
success!
success!
success!
success!
success!
success!
success!
success!
success!
success!
success!
success!
success!
success!
success!
success!
success!
success!
success!
success!
success!
success!
success!
success!
success!
success!
success!
success!
success!
success!
success!
success!
success!
success!
success!
success!
success!
success!
success!
success!
success!
success!
success!
success!
success!
success!
success!
success!
success!
success!
success!
success!
success!
success!
success!
success!
success!
success!
success!
success!
success!
success!
success!
success!
success!
success!
success!
success!
success!
success!
success!
success!
success!
success!
success!
success!
success!
success!
success!
success!
success!
success!
success!
success!
success!
success!
success!
success!
success!
success!
success!
success!
success!
success!
success!
success!
success!
success!
success!
success!
success!
success!
success!
success!
success!
success!
success!
success!
success!
success!
success!
success!
success!
success!
success!
success!
success!
success!
success!
success!
success!
success!
success!
success!
success!
success!
success!
success!
success!
success!
success!
success!
success!
success!
success!
success!
success!
success!
success!
success!
success!
success!
success!
success!
success!
success!
success!
success!
success!
success!
success!
success!
success!
success!
success!
success!
success!
success!
success!
success!
success!
success!
success!
success!
success!
success!
success!
timestamp: 2016-10-14T21:29:53.301965
ALTER TABLE card ADD trump_status CHAR(512);
success!
success!
timestamp: 2016-10-14T21:31:53.248284
CREATE TABLE zplayer(
    id INTEGER PRIMARY KEY AUTOINCREMENT,
    game_id INTEGER REFERENCES game (id) ON DELETE CASCADE  NOT NULL ,
    user_id INTEGER REFERENCES auth_user (id) ON DELETE CASCADE  NOT NULL ,
    target_id INTEGER REFERENCES player (id) ON DELETE CASCADE  ,
    status_id INTEGER REFERENCES player_status (id) ON DELETE CASCADE  NOT NULL ,
    role_id INTEGER REFERENCES player_type (id) ON DELETE CASCADE  NOT NULL 
);
success!
success!
success!
success!
timestamp: 2016-10-14T21:34:53.151111
CREATE TABLE loot_1(
    id INTEGER PRIMARY KEY AUTOINCREMENT,
    name CHAR(512),
    description CHAR(512)
);
success!
timestamp: 2016-10-14T21:34:53.212251
CREATE TABLE loot_2(
    id INTEGER PRIMARY KEY AUTOINCREMENT,
    name CHAR(512),
    description CHAR(512)
);
success!
success!
timestamp: 2016-10-14T21:35:53.153036
CREATE TABLE hand(
    id INTEGER PRIMARY KEY AUTOINCREMENT,
    name CHAR(512),
    description CHAR(512)
);
success!
success!
timestamp: 2016-10-14T21:36:53.481732
CREATE TABLE hand_0(
    id INTEGER PRIMARY KEY AUTOINCREMENT,
    name CHAR(512),
    description CHAR(512)
);
success!
timestamp: 2016-10-14T21:36:53.527646
CREATE TABLE hand_1(
    id INTEGER PRIMARY KEY AUTOINCREMENT,
    name CHAR(512),
    description CHAR(512)
);
success!
timestamp: 2016-10-14T21:36:53.570771
CREATE TABLE hand_2(
    id INTEGER PRIMARY KEY AUTOINCREMENT,
    name CHAR(512),
    description CHAR(512)
);
success!
timestamp: 2016-10-14T21:36:53.613999
CREATE TABLE hand_3(
    id INTEGER PRIMARY KEY AUTOINCREMENT,
    name CHAR(512),
    description CHAR(512)
);
success!
success!
timestamp: 2016-10-14T21:37:53.164534
CREATE TABLE table_offer(
    id INTEGER PRIMARY KEY AUTOINCREMENT,
    name CHAR(512),
    description CHAR(512)
);
success!
success!
success!
success!
success!
timestamp: 2016-10-14T21:41:53.137534
CREATE TABLE player_dealer(
    id INTEGER PRIMARY KEY AUTOINCREMENT,
    name CHAR(512),
    description CHAR(512)
);
success!
success!
timestamp: 2016-10-14T21:42:53.108759
CREATE TABLE player_team(
    id INTEGER PRIMARY KEY AUTOINCREMENT,
    name CHAR(512),
    description CHAR(512)
);
success!
timestamp: 2016-10-14T21:42:53.166762
CREATE TABLE player_buyer(
    id INTEGER PRIMARY KEY AUTOINCREMENT,
    name CHAR(512),
    description CHAR(512)
);
success!
success!
success!
timestamp: 2016-10-14T21:44:53.109434
CREATE TABLE game_cycle(
    id INTEGER PRIMARY KEY AUTOINCREMENT,
    name CHAR(512),
    description CHAR(512)
);
success!
timestamp: 2016-10-14T21:44:53.185085
CREATE TABLE contract_offers(
    id INTEGER PRIMARY KEY AUTOINCREMENT,
    name CHAR(512),
    description CHAR(512)
);
success!
success!
success!
success!
success!
success!
success!
success!
success!
success!
success!
success!
success!
success!
success!
success!
success!
success!
success!
success!
success!
success!
success!
success!
timestamp: 2016-10-14T22:07:53.476075
ALTER TABLE card ADD png CHAR(512);
success!
success!
success!
success!
success!
success!
success!
success!
success!
success!
success!
success!
success!
success!
success!
success!
success!
success!
success!
success!
success!
success!
success!
success!
success!
success!
success!
success!
success!
success!
success!
success!
success!
success!
success!
success!
success!
success!
success!
success!
success!
success!
success!
success!
success!
success!
success!
success!
success!
success!
success!
success!
success!
success!
success!
success!
success!
success!
success!
success!
success!
success!
success!
success!
success!
success!
timestamp: 2016-10-14T23:00:53.553098
ALTER TABLE zplayer ADD hand INTEGER REFERENCES hand_0 (id) ON DELETE CASCADE  ;
success!
success!
success!
success!
success!
success!
success!
success!
success!
success!
success!
success!
success!
success!
success!
success!
success!
success!
success!
success!
success!
success!
success!
success!
success!
success!
success!
success!
success!
success!
success!
success!
success!
success!
success!
success!
success!
success!
success!
success!
success!
success!
success!
success!
success!
success!
success!
success!
success!
success!
success!
success!
success!
success!
success!
success!
success!
success!
success!
success!
success!
success!
success!
success!
success!
success!
success!
success!
success!
success!
success!
success!
success!
success!
success!
success!
success!
success!
success!
success!
success!
success!
success!
success!
success!
success!
success!
success!
success!
success!
success!
success!
success!
success!
success!
success!
success!
success!
success!
success!
success!
success!
success!
success!
success!
success!
success!
success!
success!
success!
success!
success!
success!
success!
success!
success!
success!
success!
success!
success!
success!
success!
success!
success!
success!
success!
success!
success!
success!
success!
success!
success!
success!
success!
success!
success!
success!
success!
success!
success!
success!
success!
success!
success!
success!
success!
success!
success!
success!
success!
success!
success!
success!
success!
success!
success!
success!
success!
success!
success!
success!
success!
success!
success!
success!
success!
success!
success!
success!
success!
success!
success!
success!
success!
success!
success!
success!
success!
success!
success!
success!
success!
success!
success!
success!
success!
success!
success!
success!
success!
success!
success!
success!
success!
success!
success!
success!
success!
success!
success!
success!
success!
success!
success!
success!
success!
success!
success!
success!
success!
success!
success!
success!
success!
success!
success!
success!
success!
success!
success!
success!
success!
success!
success!
success!
success!
success!
success!
success!
success!
success!
success!
success!
success!
success!
success!
success!
success!
success!
success!
success!
success!
success!
success!
success!
success!
success!
success!
success!
success!
success!
success!
success!
success!
success!
success!
success!
success!
success!
success!
success!
success!
success!
success!
success!
success!
success!
success!
success!
success!
success!
success!
success!
success!
success!
success!
success!
success!
timestamp: 2016-10-17T21:01:07.349267
ALTER TABLE zplayer ADD hand_0 INTEGER REFERENCES hand_0 (id) ON DELETE CASCADE  ;
success!
success!
success!
